<?xml version="1.0" encoding="UTF-8"?>
<!-- Generated by org.testng.reporters.JUnitReportReporter -->
<<<<<<< HEAD
<testsuite skipped="0" hostname="DESKTOP-6JJE3KO" name="com.snehal.tests.UniversalBabyTests" tests="3" failures="0" timestamp="01 Jul 2020 11:49:22 GMT" time="4.786" errors="0">
  <testcase name="tc_02_verify_logo_is_Displayed" time="4.530" classname="com.snehal.tests.UniversalBabyTests"/>
  <testcase name="tc_03_verify_babyandkids_tab_present_in_homepage" time="0.062" classname="com.snehal.tests.UniversalBabyTests"/>
  <testcase name="tc_04_verify_previous_Filter_is_Displayed" time="0.194" classname="com.snehal.tests.UniversalBabyTests"/>
=======

<testsuite skipped="0" hostname="DESKTOP-6JJE3KO" name="com.snehal.tests.UniversalBabyTests" tests="1" failures="0" timestamp="01 Jul 2020 06:30:00 GMT" time="4063.073" errors="1">
  <testcase name="tc_04_verify_product_images_display_when_clickon_Ethnicwear" time="4063.073" classname="com.snehal.tests.UniversalBabyTests">
    <error type="org.openqa.selenium.NoSuchElementException" message="no such element: Unable to locate element: {&quot;method&quot;:&quot;xpath&quot;,&quot;selector&quot;:&quot;//button[@class=&#039;_2AkmmA _29YdH8&#039;]&quot;}


<testsuite skipped="0" hostname="Adi" name="com.snehal.tests.UniversalBabyTests" tests="3" failures="0" timestamp="30 Jun 2020 06:09:11 GMT" time="72.174" errors="1">
  <testcase name="tc_01_verify_login_popup_close" time="23.017" classname="com.snehal.tests.UniversalBabyTests"/>
  <testcase name="tc_02_verify_logo_is_Displayed" time="27.661" classname="com.snehal.tests.UniversalBabyTests">
    <error type="java.lang.ArrayIndexOutOfBoundsException" message="1">
      <![CDATA[java.lang.ArrayIndexOutOfBoundsException: 1
at com.testing.keyword.Keyword.getWebElement(Keyword.java:119)
at com.testing.keyword.Keyword.mouseHoverOnly(Keyword.java:203)
at com.snehal.tests.UniversalBabyTests.tc_02_verify_logo_is_Displayed(UniversalBabyTests.java:36)

<testsuite skipped="0" hostname="DESKTOP-6JJE3KO" name="com.snehal.tests.UniversalBabyTests" tests="2" failures="0" timestamp="01 Jul 2020 05:17:45 GMT" time="60.537" errors="2">
  <testcase name="tearDown" time="34.997" classname="com.snehal.tests.UniversalBabyTests">
    <error type="org.openqa.selenium.WebDriverException" message="chrome not reachable

  (Session info: chrome=83.0.4103.116)
For documentation on this error, please visit: https://www.seleniumhq.org/exceptions/no_such_element.html
Build info: version: &#039;3.141.59&#039;, revision: &#039;e82be7d358&#039;, time: &#039;2018-11-14T08:17:03&#039;
System info: host: &#039;DESKTOP-6JJE3KO&#039;, ip: &#039;192.168.1.102&#039;, os.name: &#039;Windows 10&#039;, os.arch: &#039;amd64&#039;, os.version: &#039;10.0&#039;, java.version: &#039;1.8.0_112&#039;
Driver info: org.openqa.selenium.chrome.ChromeDriver
Capabilities {acceptInsecureCerts: false, browserName: chrome, browserVersion: 83.0.4103.116, chrome: {chromedriverVersion: 83.0.4103.39 (ccbf011cb2d2b..., userDataDir: C:\Users\Dhiraj\AppData\Loc...}, goog:chromeOptions: {debuggerAddress: localhost:58852}, javascriptEnabled: true, networkConnectionEnabled: false, pageLoadStrategy: normal, platform: WINDOWS, platformName: WINDOWS, proxy: Proxy(), setWindowRect: true, strictFileInteractability: false, timeouts: {implicit: 0, pageLoad: 300000, script: 30000}, unhandledPromptBehavior: dismiss and notify, webauthn:virtualAuthenticators: true}
Session ID: 4728c3d85e9260dda5d28776ae66bd95
*** Element info: {Using=xpath, value=//button[@class=&#039;_2AkmmA _29YdH8&#039;]}">
      <![CDATA[org.openqa.selenium.NoSuchElementException: no such element: Unable to locate element: {"method":"xpath","selector":"//button[@class='_2AkmmA _29YdH8']"}
  (Session info: chrome=83.0.4103.116)
For documentation on this error, please visit: https://www.seleniumhq.org/exceptions/no_such_element.html
Build info: version: '3.141.59', revision: 'e82be7d358', time: '2018-11-14T08:17:03'
System info: host: 'DESKTOP-6JJE3KO', ip: '192.168.1.102', os.name: 'Windows 10', os.arch: 'amd64', os.version: '10.0', java.version: '1.8.0_112'
Driver info: org.openqa.selenium.chrome.ChromeDriver
Capabilities {acceptInsecureCerts: false, browserName: chrome, browserVersion: 83.0.4103.116, chrome: {chromedriverVersion: 83.0.4103.39 (ccbf011cb2d2b..., userDataDir: C:\Users\Dhiraj\AppData\Loc...}, goog:chromeOptions: {debuggerAddress: localhost:58852}, javascriptEnabled: true, networkConnectionEnabled: false, pageLoadStrategy: normal, platform: WINDOWS, platformName: WINDOWS, proxy: Proxy(), setWindowRect: true, strictFileInteractability: false, timeouts: {implicit: 0, pageLoad: 300000, script: 30000}, unhandledPromptBehavior: dismiss and notify, webauthn:virtualAuthenticators: true}
Session ID: 4728c3d85e9260dda5d28776ae66bd95
*** Element info: {Using=xpath, value=//button[@class='_2AkmmA _29YdH8']}
at sun.reflect.NativeConstructorAccessorImpl.newInstance0(Native Method)
at sun.reflect.NativeConstructorAccessorImpl.newInstance(Unknown Source)
at sun.reflect.DelegatingConstructorAccessorImpl.newInstance(Unknown Source)
at java.lang.reflect.Constructor.newInstance(Unknown Source)
at org.openqa.selenium.remote.http.W3CHttpResponseCodec.createException(W3CHttpResponseCodec.java:187)
at org.openqa.selenium.remote.http.W3CHttpResponseCodec.decode(W3CHttpResponseCodec.java:122)
at org.openqa.selenium.remote.http.W3CHttpResponseCodec.decode(W3CHttpResponseCodec.java:49)
at org.openqa.selenium.remote.HttpCommandExecutor.execute(HttpCommandExecutor.java:158)
at org.openqa.selenium.remote.service.DriverCommandExecutor.execute(DriverCommandExecutor.java:83)
at org.openqa.selenium.remote.RemoteWebDriver.execute(RemoteWebDriver.java:552)
at org.openqa.selenium.remote.RemoteWebDriver.findElement(RemoteWebDriver.java:323)
at org.openqa.selenium.remote.RemoteWebDriver.findElementByXPath(RemoteWebDriver.java:428)
at org.openqa.selenium.By$ByXPath.findElement(By.java:353)
at org.openqa.selenium.remote.RemoteWebDriver.findElement(RemoteWebDriver.java:315)
at org.openqa.selenium.support.pagefactory.DefaultElementLocator.findElement(DefaultElementLocator.java:69)
at org.openqa.selenium.support.pagefactory.internal.LocatingElementHandler.invoke(LocatingElementHandler.java:38)

at com.sun.proxy.$Proxy8.click(Unknown Source)
at com.snehal.pages.UniversalBabyPage.popupClose(UniversalBabyPage.java:78)
at com.snehal.tests.UniversalBabyTests.tc_04_verify_product_images_display_when_clickon_Ethnicwear(UniversalBabyTests.java:67)

at com.sun.proxy.$Proxy9.isDisplayed(Unknown Source)
at com.snehal.pages.UniversalBabyPage.productImageDisplayed(UniversalBabyPage.java:84)
at com.snehal.tests.UniversalBabyTests.tc_04_verify_product_images_display_when_clickon_Ethnicwear(UniversalBabyTests.java:74)


at sun.reflect.NativeMethodAccessorImpl.invoke0(Native Method)
at sun.reflect.NativeMethodAccessorImpl.invoke(NativeMethodAccessorImpl.java:62)
at sun.reflect.DelegatingMethodAccessorImpl.invoke(DelegatingMethodAccessorImpl.java:43)
at java.lang.reflect.Method.invoke(Method.java:498)
at org.testng.internal.MethodInvocationHelper.invokeMethod(MethodInvocationHelper.java:124)
at org.testng.internal.Invoker.invokeMethod(Invoker.java:583)
at org.testng.internal.Invoker.invokeTestMethod(Invoker.java:719)
at org.testng.internal.Invoker.invokeTestMethods(Invoker.java:989)
at org.testng.internal.TestMethodWorker.invokeTestMethods(TestMethodWorker.java:125)
at org.testng.internal.TestMethodWorker.run(TestMethodWorker.java:109)
at org.testng.TestRunner.privateRun(TestRunner.java:648)
at org.testng.TestRunner.run(TestRunner.java:505)
at org.testng.SuiteRunner.runTest(SuiteRunner.java:455)
at org.testng.SuiteRunner.runSequentially(SuiteRunner.java:450)
at org.testng.SuiteRunner.privateRun(SuiteRunner.java:415)
at org.testng.SuiteRunner.run(SuiteRunner.java:364)
at org.testng.SuiteRunnerWorker.runSuite(SuiteRunnerWorker.java:52)
at org.testng.SuiteRunnerWorker.run(SuiteRunnerWorker.java:84)
at org.testng.TestNG.runSuitesSequentially(TestNG.java:1208)
at org.testng.TestNG.runSuitesLocally(TestNG.java:1137)
at org.testng.TestNG.runSuites(TestNG.java:1049)
at org.testng.TestNG.run(TestNG.java:1017)
at org.testng.remote.AbstractRemoteTestNG.run(AbstractRemoteTestNG.java:114)
at org.testng.remote.RemoteTestNG.initAndRun(RemoteTestNG.java:251)
at org.testng.remote.RemoteTestNG.main(RemoteTestNG.java:77)
]]>
    </error>

  </testcase> <!-- tc_02_verify_logo_is_Displayed -->
  <testcase name="tc_03_verify_babyandkids_tab_present_in_homepage" time="21.496" classname="com.snehal.tests.UniversalBabyTests"/>

  </testcase> <!-- tc_04_verify_product_images_display_when_clickon_Ethnicwear -->

>>>>>>> b0b79a014651afb62e7a6a8876bb222cae394a1a
</testsuite> <!-- com.snehal.tests.UniversalBabyTests -->
